[I 13:46:59.736 NotebookApp] The port 8888 is already in use, trying another port.
[I 13:46:59.738 NotebookApp] The port 8889 is already in use, trying another port.
[I 13:46:59.738 NotebookApp] The port 8890 is already in use, trying another port.
[I 13:46:59.740 NotebookApp] The port 8891 is already in use, trying another port.
[I 13:47:00.210 NotebookApp] JupyterLab extension loaded from /Users/barnysanchez/.pyenv/versions/3.8.1/lib/python3.8/site-packages/jupyterlab
[I 13:47:00.210 NotebookApp] JupyterLab application directory is /Users/barnysanchez/.pyenv/versions/3.8.1/share/jupyter/lab
[I 13:47:00.291 NotebookApp] Serving notebooks from local directory: /Users/barnysanchez/Documents/GitHub/barnysanchez/clarku-assignment1
[I 13:47:00.292 NotebookApp] The Jupyter Notebook is running at:
[I 13:47:00.292 NotebookApp] http://localhost:8892/?token=57768936b88107ef468a572a69f9dac8e2522d80b6657397
[I 13:47:00.292 NotebookApp]  or http://127.0.0.1:8892/?token=57768936b88107ef468a572a69f9dac8e2522d80b6657397
[I 13:47:00.292 NotebookApp] Use Control-C to stop this server and shut down all kernels (twice to skip confirmation).
[C 13:47:00.296 NotebookApp] 
    
    To access the notebook, open this file in a browser:
        file:///Users/barnysanchez/Library/Jupyter/runtime/nbserver-72817-open.html
    Or copy and paste one of these URLs:
        http://localhost:8892/?token=57768936b88107ef468a572a69f9dac8e2522d80b6657397
     or http://127.0.0.1:8892/?token=57768936b88107ef468a572a69f9dac8e2522d80b6657397
[I 13:47:09.467 NotebookApp] Creating new notebook in 
[I 13:47:10.052 NotebookApp] Kernel started: 083b8159-4e87-4e75-a8ec-cdf79a70ea69
[I 13:48:35.803 NotebookApp] Saving file at /Untitled.ipynb
[I 13:49:10.021 NotebookApp] Saving file at /Untitled.ipynb
[I 13:51:10.027 NotebookApp] Saving file at /Untitled.ipynb
[I 13:53:10.036 NotebookApp] Saving file at /Untitled.ipynb
[I 13:53:13.952 NotebookApp] Saving file at /Untitled.ipynb
[I 13:55:10.065 NotebookApp] Saving file at /Untitled.ipynb
[I 13:57:10.047 NotebookApp] Saving file at /Untitled.ipynb
[I 13:57:49.775 NotebookApp] Saving file at /Untitled.ipynb
[W 13:58:10.868 NotebookApp] 404 GET /api/contents/Assignment1_Template.ipynb?type=notebook&content=0&_=1599241629791 (::1): No such file or directory: Assignment1_Template.ipynb
[W 13:58:10.868 NotebookApp] No such file or directory: Assignment1_Template.ipynb
[W 13:58:10.869 NotebookApp] 404 GET /api/contents/Assignment1_Template.ipynb?type=notebook&content=0&_=1599241629791 (::1) 4.81ms referer=http://localhost:8892/notebooks/Untitled.ipynb?kernel_name=python3
[I 13:58:10.875 NotebookApp] Uploading file to /Assignment1_Template.ipynb
[I 13:58:25.913 NotebookApp] Starting buffering for 083b8159-4e87-4e75-a8ec-cdf79a70ea69:16d63c5e97894f7381f2a187b1de9f5a
[I 13:58:26.339 NotebookApp] Kernel shutdown: 083b8159-4e87-4e75-a8ec-cdf79a70ea69
[I 13:58:28.935 NotebookApp] Kernel started: 0badecef-a0e1-41b9-b961-05e754259eb1
[I 13:58:58.822 NotebookApp] Starting buffering for 0badecef-a0e1-41b9-b961-05e754259eb1:f96251007fb648749e0b6a619bc7bfd9
[I 13:58:59.135 NotebookApp] Kernel shutdown: 0badecef-a0e1-41b9-b961-05e754259eb1
[I 13:59:10.488 NotebookApp] Creating new notebook in 
[I 13:59:10.945 NotebookApp] Kernel started: 625e128d-9f2f-4b6a-aa8b-618db7fe5a65
[I 13:59:59.811 NotebookApp] Kernel started: 50708b32-bb7e-4699-b328-d392296f0610
[I 14:01:11.334 NotebookApp] Saving file at /Untitled1.ipynb
[I 14:01:59.820 NotebookApp] Saving file at /Assignment1_Template.ipynb
[I 14:03:11.013 NotebookApp] Saving file at /Assignment1_Template.ipynb
